Using device: cuda
============================================================
CNN Model Training on 10-Class Dataset
============================================================

Loading dataset...
Dataset loaded! Classes: ['airplane', 'automobile', 'bird', 'cat', 'deer', 'dog', 'frog', 'horse', 'ship', 'truck']

Creating CNN model...
Model created! Total parameters: 1,147,914

Starting training...
Epoch 1/10:
  Train Loss: 1.5692, Train Acc: 42.21%
  Val Loss: 1.1720, Val Acc: 57.84%

  -> Saved best model (Val Acc: 57.84%)
Epoch 2/10:
  Train Loss: 1.2493, Train Acc: 55.21%
  Val Loss: 1.0360, Val Acc: 63.68%

  -> Saved best model (Val Acc: 63.68%)
Epoch 3/10:
  Train Loss: 1.1100, Train Acc: 60.87%
  Val Loss: 0.8649, Val Acc: 69.31%

  -> Saved best model (Val Acc: 69.31%)
Epoch 4/10:
  Train Loss: 1.0138, Train Acc: 64.41%
  Val Loss: 0.8094, Val Acc: 70.77%

  -> Saved best model (Val Acc: 70.77%)
Epoch 5/10:
  Train Loss: 0.9511, Train Acc: 66.89%
  Val Loss: 0.7696, Val Acc: 73.08%

  -> Saved best model (Val Acc: 73.08%)
Epoch 6/10:
  Train Loss: 0.8957, Train Acc: 69.13%
  Val Loss: 0.7528, Val Acc: 73.24%

  -> Saved best model (Val Acc: 73.24%)
Epoch 7/10:
  Train Loss: 0.8578, Train Acc: 70.47%
  Val Loss: 0.7513, Val Acc: 74.44%

  -> Saved best model (Val Acc: 74.44%)
Epoch 8/10:
  Train Loss: 0.7491, Train Acc: 74.35%
  Val Loss: 0.6079, Val Acc: 78.78%

  -> Saved best model (Val Acc: 78.78%)
Epoch 9/10:
  Train Loss: 0.7298, Train Acc: 74.82%
  Val Loss: 0.5957, Val Acc: 79.17%

  -> Saved best model (Val Acc: 79.17%)
Epoch 10/10:
  Train Loss: 0.7150, Train Acc: 75.66%
  Val Loss: 0.5859, Val Acc: 79.79%

  -> Saved best model (Val Acc: 79.79%)

Loading best model for evaluation...

Plotting training curves...
Training curves saved to training_curves.png

Visualizing predictions on 10 images...
Predictions visualization saved to predictions.png

============================================================
Training complete!
============================================================
